TN:
SF:/Users/emilianoerrecalde/Documents/emi/e-universal-react-redux-starter-kit/src/components/Counter/Counter.js
FN:20,_interopRequireDefault
FN:22,Counter
FNF:2
FNH:2
FNDA:3,_interopRequireDefault
FNDA:9,Counter
DA:0,3
DA:1,1
DA:2,1
DA:3,1
DA:5,9
DA:25,1
LF:6
LH:6
BRDA:20,1,0,0
BRDA:20,1,1,3
BRDA:20,2,0,3
BRDA:20,2,1,3
BRF:4
BRH:4
end_of_record
TN:
SF:/Users/emilianoerrecalde/Documents/emi/e-universal-react-redux-starter-kit/src/layouts/CoreLayout/CoreLayout.js
FN:22,_interopRequireDefault
FN:24,CoreLayout
FNF:2
FNH:2
FNDA:3,_interopRequireDefault
FNDA:1,CoreLayout
DA:0,3
DA:1,1
DA:2,1
DA:3,1
DA:4,1
DA:6,1
DA:15,1
LF:7
LH:7
BRDA:22,1,0,1
BRDA:22,1,1,2
BRDA:22,2,0,3
BRDA:22,2,1,3
BRF:4
BRH:4
end_of_record
TN:
SF:/Users/emilianoerrecalde/Documents/emi/e-universal-react-redux-starter-kit/src/components/Header/index.js
FN:11,_interopRequireDefault
FNF:1
FNH:1
FNDA:1,_interopRequireDefault
DA:0,1
DA:1,1
LF:2
LH:2
BRDA:11,1,0,1
BRDA:11,1,1,0
BRDA:11,2,0,1
BRDA:11,2,1,1
BRF:4
BRH:4
end_of_record
TN:
SF:/Users/emilianoerrecalde/Documents/emi/e-universal-react-redux-starter-kit/src/components/Header/Header.js
FN:18,_interopRequireDefault
FN:20,Header
FNF:2
FNH:1
FNDA:2,_interopRequireDefault
FNDA:0,Header
DA:0,2
DA:1,1
DA:2,1
DA:3,1
DA:5,1
LF:5
LH:5
BRDA:18,1,0,0
BRDA:18,1,1,2
BRDA:18,2,0,2
BRDA:18,2,1,2
BRF:4
BRH:4
end_of_record
TN:
SF:/Users/emilianoerrecalde/Documents/emi/e-universal-react-redux-starter-kit/src/routes/Counter/index.js
FN:9,(anonymous_1)
FN:13,getComponent
FN:16,(anonymous_3)
FNF:3
FNH:1
FNDA:2,(anonymous_1)
FNDA:0,getComponent
FNDA:0,(anonymous_3)
DA:0,1
DA:1,1
DA:3,2
DA:9,0
DA:12,0
DA:13,0
DA:16,0
DA:19,0
LF:8
LH:3
BRF:0
BRH:0
end_of_record
TN:
SF:/Users/emilianoerrecalde/Documents/emi/e-universal-react-redux-starter-kit/src/store/reducers.js
FN:16,_interopRequireDefault
FN:21,counter
FN:27,makeRootReducer
FN:34,injectReducer
FNF:4
FNH:1
FNDA:1,_interopRequireDefault
FNDA:0,counter
FNDA:0,makeRootReducer
FNDA:0,injectReducer
DA:0,1
DA:1,1
DA:2,1
DA:6,1
DA:7,0
DA:10,1
DA:11,0
DA:19,1
DA:20,0
DA:21,0
LF:10
LH:6
BRDA:16,1,0,1
BRDA:16,1,1,0
BRDA:16,2,0,1
BRDA:16,2,1,1
BRDA:22,3,0,0
BRDA:22,3,1,0
BRDA:22,4,0,0
BRDA:22,4,1,0
BRF:8
BRH:4
end_of_record
TN:
SF:/Users/emilianoerrecalde/Documents/emi/e-universal-react-redux-starter-kit/src/routes/Counter/modules/counter.js
FN:19,_interopRequireDefault
FN:29,increment
FN:46,doubleAsync
FN:47,(anonymous_4)
FN:48,(anonymous_5)
FN:49,(anonymous_6)
FN:65,(anonymous_7)
FN:73,counterReducer
FNF:8
FNH:8
FNDA:2,_interopRequireDefault
FNDA:11,increment
FNDA:5,doubleAsync
FNDA:4,(anonymous_4)
FNDA:4,(anonymous_5)
FNDA:4,(anonymous_6)
FNDA:8,(anonymous_7)
FNDA:18,counterReducer
DA:0,2
DA:4,1
DA:9,11
DA:10,11
DA:24,1
DA:25,5
DA:26,4
DA:27,4
DA:28,4
DA:29,4
DA:35,1
DA:43,1
DA:44,8
DA:50,1
DA:51,18
DA:52,18
DA:54,18
LF:17
LH:17
BRDA:19,1,0,2
BRDA:19,1,1,0
BRDA:19,2,0,2
BRDA:19,2,1,2
BRDA:30,3,0,2
BRDA:30,3,1,9
BRDA:30,4,0,11
BRDA:30,4,1,9
BRDA:74,5,0,8
BRDA:74,5,1,10
BRDA:74,6,0,18
BRDA:74,6,1,18
BRDA:79,7,0,8
BRDA:79,7,1,10
BRF:14
BRH:14
end_of_record
TN:
SF:/Users/emilianoerrecalde/Documents/emi/e-universal-react-redux-starter-kit/src/routes/Home/index.js
FN:11,_interopRequireDefault
FNF:1
FNH:1
FNDA:1,_interopRequireDefault
DA:0,1
DA:1,1
LF:2
LH:2
BRDA:11,1,0,1
BRDA:11,1,1,0
BRDA:11,2,0,1
BRDA:11,2,1,1
BRF:4
BRH:4
end_of_record
TN:
SF:/Users/emilianoerrecalde/Documents/emi/e-universal-react-redux-starter-kit/src/routes/Home/components/HomeView.js
FN:24,_interopRequireDefault
FN:26,HomeView
FNF:2
FNH:2
FNDA:4,_interopRequireDefault
FNDA:2,HomeView
DA:0,4
DA:1,1
DA:2,1
DA:3,1
DA:4,1
DA:6,2
LF:6
LH:6
BRDA:24,1,0,0
BRDA:24,1,1,4
BRDA:24,2,0,4
BRDA:24,2,1,4
BRF:4
BRH:4
end_of_record
TN:
SF:/Users/emilianoerrecalde/Documents/emi/e-universal-react-redux-starter-kit/src/components/Counter/index.js
FN:11,_interopRequireDefault
FNF:1
FNH:1
FNDA:1,_interopRequireDefault
DA:0,1
DA:1,1
LF:2
LH:2
BRDA:11,1,0,1
BRDA:11,1,1,0
BRDA:11,2,0,1
BRDA:11,2,1,1
BRF:4
BRH:4
end_of_record
TN:
SF:/Users/emilianoerrecalde/Documents/emi/e-universal-react-redux-starter-kit/src/containers/AppContainer.js
FN:51,_interopRequireDefault
FN:53,(anonymous_2)
FN:56,AppContainer
FN:63,render
FNF:4
FNH:4
FNDA:10,_interopRequireDefault
FNDA:1,(anonymous_2)
FNDA:0,AppContainer
FNDA:0,render
DA:0,10
DA:1,1
DA:2,1
DA:3,1
DA:4,1
DA:5,1
DA:6,1
DA:17,0
DA:20,0
LF:9
LH:7
BRDA:51,1,0,7
BRDA:51,1,1,3
BRDA:51,2,0,10
BRDA:51,2,1,10
BRF:4
BRH:4
end_of_record
TN:
SF:/Users/emilianoerrecalde/Documents/emi/e-universal-react-redux-starter-kit/src/layouts/CoreLayout/index.js
FN:11,_interopRequireDefault
FNF:1
FNH:1
FNDA:1,_interopRequireDefault
DA:0,1
DA:1,1
LF:2
LH:2
BRDA:11,1,0,1
BRDA:11,1,1,0
BRDA:11,2,0,1
BRDA:11,2,1,1
BRF:4
BRH:4
end_of_record
TN:
SF:/Users/emilianoerrecalde/Documents/emi/e-universal-react-redux-starter-kit/src/modules/Assetic.js
FN:16,_interopRequireDefault
FN:18,fixLocalAsset
FN:19,(anonymous_3)
FN:24,getAssets
FN:26,(anonymous_5)
FN:28,(anonymous_6)
FN:30,(anonymous_7)
FN:35,getAssetsByExtension
FN:37,(anonymous_9)
FN:42,getScripts
FN:47,getStyles
FNF:11
FNH:1
FNDA:2,_interopRequireDefault
FNDA:0,fixLocalAsset
FNDA:0,(anonymous_3)
FNDA:0,getAssets
FNDA:0,(anonymous_5)
FNDA:0,(anonymous_6)
FNDA:0,(anonymous_7)
FNDA:0,getAssetsByExtension
FNDA:0,(anonymous_9)
FNDA:0,getScripts
FNDA:0,getStyles
DA:0,2
DA:1,1
DA:3,1
DA:4,0
DA:7,1
DA:9,0
DA:10,0
DA:11,0
DA:15,1
DA:16,0
DA:19,1
DA:23,1
LF:12
LH:7
BRDA:16,1,0,2
BRDA:16,1,1,0
BRDA:16,2,0,2
BRDA:16,2,1,2
BRDA:19,3,0,0
BRDA:19,3,1,0
BRDA:25,4,0,0
BRDA:25,4,1,0
BRDA:25,5,0,0
BRDA:25,5,1,0
BRDA:36,6,0,0
BRDA:36,6,1,0
BRDA:36,7,0,0
BRDA:36,7,1,0
BRDA:43,8,0,0
BRDA:43,8,1,0
BRDA:43,9,0,0
BRDA:43,9,1,0
BRDA:48,10,0,0
BRDA:48,10,1,0
BRDA:48,11,0,0
BRDA:48,11,1,0
BRF:22
BRH:4
end_of_record
TN:
SF:/Users/emilianoerrecalde/Documents/emi/e-universal-react-redux-starter-kit/src/routes/Counter/containers/CounterContainer.js
FN:15,_interopRequireDefault
FN:22,increment
FN:33,mapStateToProps
FNF:3
FNH:1
FNDA:1,_interopRequireDefault
FNDA:0,increment
FNDA:0,mapStateToProps
DA:0,1
DA:1,1
DA:2,1
DA:9,1
DA:15,1
DA:16,0
DA:20,1
LF:7
LH:6
BRDA:15,1,0,1
BRDA:15,1,1,0
BRDA:15,2,0,1
BRDA:15,2,1,1
BRF:4
BRH:4
end_of_record
TN:
SF:/Users/emilianoerrecalde/Documents/emi/e-universal-react-redux-starter-kit/src/routes/index.js
FN:20,_interopRequireDefault
FN:25,createRoutes
FNF:2
FNH:1
FNDA:3,_interopRequireDefault
FNDA:0,createRoutes
DA:0,3
DA:2,1
DA:3,1
DA:4,1
DA:9,1
LF:5
LH:5
BRDA:20,1,0,3
BRDA:20,1,1,0
BRDA:20,2,0,3
BRDA:20,2,1,3
BRF:4
BRH:4
end_of_record
TN:
SF:/Users/emilianoerrecalde/Documents/emi/e-universal-react-redux-starter-kit/src/server.js
FN:67,_interopRequireWildcard
FN:69,_interopRequireDefault
FN:73,(anonymous_3)
FN:74,(anonymous_4)
FN:75,_callee2
FN:79,_callee2$
FN:88,selectLocationState
FN:94,(anonymous_8)
FN:95,_callee
FN:98,_callee$
FN:108,(anonymous_11)
FN:111,(anonymous_12)
FN:123,(anonymous_13)
FN:125,(anonymous_14)
FN:133,render
FN:244,(anonymous_16)
FN:257,(anonymous_17)
FNF:17
FNH:2
FNDA:1,_interopRequireWildcard
FNDA:12,_interopRequireDefault
FNDA:0,(anonymous_3)
FNDA:0,(anonymous_4)
FNDA:0,_callee2
FNDA:0,_callee2$
FNDA:0,selectLocationState
FNDA:0,(anonymous_8)
FNDA:0,_callee
FNDA:0,_callee$
FNDA:0,(anonymous_11)
FNDA:0,(anonymous_12)
FNDA:0,(anonymous_13)
FNDA:0,(anonymous_14)
FNDA:0,render
FNDA:0,(anonymous_16)
FNDA:0,(anonymous_17)
DA:0,12
DA:1,1
DA:2,1
DA:3,1
DA:4,1
DA:5,1
DA:6,1
DA:7,1
DA:8,1
DA:9,1
DA:10,1
DA:11,1
DA:12,1
DA:14,1
DA:17,0
DA:18,0
DA:19,0
DA:20,0
DA:21,0
DA:22,0
DA:23,0
DA:26,0
DA:27,0
DA:29,0
DA:30,0
DA:32,0
DA:34,0
DA:35,0
DA:37,0
DA:44,0
DA:47,0
DA:48,0
DA:55,0
DA:79,0
DA:86,0
DA:87,0
DA:88,0
DA:89,0
DA:101,0
DA:108,0
DA:115,0
DA:116,0
DA:117,0
DA:118,0
DA:125,0
DA:133,0
DA:134,0
DA:135,0
LF:48
LH:14
BRDA:67,1,0,1
BRDA:67,1,1,0
BRDA:67,2,0,1
BRDA:67,2,1,1
BRDA:67,3,0,0
BRDA:67,3,1,0
BRDA:67,4,0,0
BRDA:67,4,1,0
BRDA:69,5,0,7
BRDA:69,5,1,5
BRDA:69,6,0,12
BRDA:69,6,1,12
BRDA:81,7,0,0
BRDA:81,7,1,0
BRDA:81,7,2,0
BRDA:100,8,0,0
BRDA:100,8,1,0
BRDA:100,8,2,0
BRDA:100,8,3,0
BRDA:100,8,4,0
BRDA:161,9,0,0
BRDA:161,9,1,0
BRDA:188,10,0,0
BRDA:188,10,1,0
BRDA:188,11,0,0
BRDA:188,11,1,0
BRDA:188,11,2,0
BRDA:188,11,3,0
BRF:28
BRH:12
end_of_record
TN:
SF:/Users/emilianoerrecalde/Documents/emi/e-universal-react-redux-starter-kit/src/store/createStore.js
FN:19,_interopRequireDefault
FN:21,(anonymous_2)
FN:48,(anonymous_3)
FNF:3
FNH:1
FNDA:2,_interopRequireDefault
FNDA:0,(anonymous_2)
FNDA:0,(anonymous_3)
DA:0,2
DA:1,1
DA:2,1
DA:3,1
DA:4,1
DA:6,0
DA:10,0
DA:15,0
DA:16,0
DA:17,0
DA:18,0
DA:19,0
DA:26,0
DA:34,0
DA:36,0
DA:37,0
DA:38,0
DA:39,0
DA:43,0
LF:19
LH:5
BRDA:19,1,0,2
BRDA:19,1,1,0
BRDA:19,2,0,2
BRDA:19,2,1,2
BRDA:22,3,0,0
BRDA:22,3,1,0
BRDA:22,4,0,0
BRDA:22,4,1,0
BRDA:34,5,0,0
BRDA:34,5,1,0
BRDA:34,6,0,0
BRDA:34,6,1,0
BRDA:34,6,2,0
BRDA:36,7,0,0
BRDA:36,7,1,0
BRDA:47,8,0,0
BRDA:47,8,1,0
BRF:17
BRH:4
end_of_record
